#
# There is insufficient memory for the Java Runtime Environment to continue.
# Native memory allocation (malloc) failed to allocate 230928 bytes for Chunk::new
# Possible reasons:
#   The system is out of physical RAM or swap space
#   The process is running with CompressedOops enabled, and the Java Heap may be blocking the growth of the native heap
# Possible solutions:
#   Reduce memory load on the system
#   Increase physical memory or swap space
#   Check if swap backing store is full
#   Decrease Java heap size (-Xmx/-Xms)
#   Decrease number of Java threads
#   Decrease Java thread stack sizes (-Xss)
#   Set larger code cache with -XX:ReservedCodeCacheSize=
#   JVM is running with Unscaled Compressed Oops mode in which the Java heap is
#     placed in the first 4GB address space. The Java Heap base address is the
#     maximum limit for the native heap growth. Please use -XX:HeapBaseMinAddress
#     to set the Java Heap base and to place the Java Heap above 4GB virtual address.
# This output file may be truncated or incomplete.
#
#  Out of Memory Error (arena.cpp:184), pid=22208, tid=7524
#
# JRE version: OpenJDK Runtime Environment Temurin-19.0.2+7 (19.0.2+7) (build 19.0.2+7)
# Java VM: OpenJDK 64-Bit Server VM Temurin-19.0.2+7 (19.0.2+7, mixed mode, tiered, compressed oops, compressed class ptrs, g1 gc, windows-amd64)
# No core dump will be written. Minidumps are not enabled by default on client versions of Windows
#

---------------  S U M M A R Y ------------

Command Line: -Dfile.encoding=UTF-8 -XX:+ShowCodeDetailsInExceptionMessages co.edu.unbosque.controller.AplMain

Host: AMD Ryzen 5 7520U with Radeon Graphics         , 8 cores, 7G,  Windows 11 , 64 bit Build 22621 (10.0.22621.2070)
Time: Thu Sep 14 21:27:03 2023 Hora est. Pacífico, Sudamérica elapsed time: 0.851016 seconds (0d 0h 0m 0s)

---------------  T H R E A D  ---------------

Current thread (0x000002383e06f380):  JavaThread "C2 CompilerThread0" daemon [_thread_in_native, id=7524, stack(0x0000009bedf00000,0x0000009bee000000)]


Current CompileTask:
C2:    851  516 % !   4       sun.awt.image.PNGImageDecoder::produceImage @ 960 (1917 bytes)

Stack: [0x0000009bedf00000,0x0000009bee000000]
Native frames: (J=compiled Java code, j=interpreted, Vv=VM code, C=native code)
V  [jvm.dll+0x6e9e1a]
V  [jvm.dll+0x8a36c0]
V  [jvm.dll+0x8a50ae]
V  [jvm.dll+0x8a5763]
V  [jvm.dll+0x27bcdf]
V  [jvm.dll+0xc221f]
V  [jvm.dll+0xc2595]
V  [jvm.dll+0x3b7d9b]
V  [jvm.dll+0x1e6762]
V  [jvm.dll+0x24542d]
V  [jvm.dll+0x244671]
V  [jvm.dll+0x1cf4b1]
V  [jvm.dll+0x254229]
V  [jvm.dll+0x252418]
V  [jvm.dll+0x85403d]
V  [jvm.dll+0x84de3a]
V  [jvm.dll+0x6e8abb]
C  [ucrtbase.dll+0x29363]
C  [KERNEL32.DLL+0x126ad]
C  [ntdll.dll+0x5aa68]


---------------  P R O C E S S  ---------------

Threads class SMR info:
_java_thread_list=0x0000023846194a30, length=16, elements={
0x00000238202d88a0, 0x000002383e044430, 0x000002383e045000, 0x000002383e05c5a0,
0x000002383e05eee0, 0x000002383e05f9b0, 0x000002383e06aee0, 0x000002383e06f380,
0x000002383e06fcf0, 0x000002383e075020, 0x000002383e1df3e0, 0x000002383e1f2870,
0x000002383e4bff10, 0x000002383e4d27c0, 0x000002383e4d9420, 0x0000023846193db0
}

Java Threads: ( => current thread )
  0x00000238202d88a0 JavaThread "main" [_thread_blocked, id=36536, stack(0x0000009bed200000,0x0000009bed300000)]
  0x000002383e044430 JavaThread "Reference Handler" daemon [_thread_blocked, id=39556, stack(0x0000009bed900000,0x0000009beda00000)]
  0x000002383e045000 JavaThread "Finalizer" daemon [_thread_blocked, id=8968, stack(0x0000009beda00000,0x0000009bedb00000)]
  0x000002383e05c5a0 JavaThread "Signal Dispatcher" daemon [_thread_blocked, id=34532, stack(0x0000009bedb00000,0x0000009bedc00000)]
  0x000002383e05eee0 JavaThread "Attach Listener" daemon [_thread_blocked, id=38088, stack(0x0000009bedc00000,0x0000009bedd00000)]
  0x000002383e05f9b0 JavaThread "Service Thread" daemon [_thread_blocked, id=36108, stack(0x0000009bedd00000,0x0000009bede00000)]
  0x000002383e06aee0 JavaThread "Monitor Deflation Thread" daemon [_thread_blocked, id=5268, stack(0x0000009bede00000,0x0000009bedf00000)]
=>0x000002383e06f380 JavaThread "C2 CompilerThread0" daemon [_thread_in_native, id=7524, stack(0x0000009bedf00000,0x0000009bee000000)]
  0x000002383e06fcf0 JavaThread "C1 CompilerThread0" daemon [_thread_blocked, id=36696, stack(0x0000009bee000000,0x0000009bee100000)]
  0x000002383e075020 JavaThread "Sweeper thread" daemon [_thread_blocked, id=38084, stack(0x0000009bee100000,0x0000009bee200000)]
  0x000002383e1df3e0 JavaThread "Notification Thread" daemon [_thread_blocked, id=11456, stack(0x0000009bee200000,0x0000009bee300000)]
  0x000002383e1f2870 JavaThread "Common-Cleaner" daemon [_thread_blocked, id=31844, stack(0x0000009bee400000,0x0000009bee500000)]
  0x000002383e4bff10 JavaThread "Java2D Disposer" daemon [_thread_blocked, id=35560, stack(0x0000009bee500000,0x0000009bee600000)]
  0x000002383e4d27c0 JavaThread "AWT-Shutdown" [_thread_blocked, id=31924, stack(0x0000009bee600000,0x0000009bee700000)]
  0x000002383e4d9420 JavaThread "AWT-Windows" daemon [_thread_in_native, id=20412, stack(0x0000009bee700000,0x0000009bee800000)]
  0x0000023846193db0 JavaThread "Image Fetcher 0" daemon [_thread_in_Java, id=38560, stack(0x0000009bef000000,0x0000009bef100000)]

Other Threads:
  0x0000023839e73c90 VMThread "VM Thread" [stack: 0x0000009bed800000,0x0000009bed900000] [id=25200]
  0x000002383e1e0340 WatcherThread "VM Periodic Task Thread" [stack: 0x0000009bee300000,0x0000009bee400000] [id=9464]
  0x0000023820335030 WorkerThread "GC Thread#0" [stack: 0x0000009bed300000,0x0000009bed400000] [id=39736]
  0x00000238203451f0 ConcurrentGCThread "G1 Main Marker" [stack: 0x0000009bed400000,0x0000009bed500000] [id=2536]
  0x0000023820345c20 WorkerThread "G1 Conc#0" [stack: 0x0000009bed500000,0x0000009bed600000] [id=19528]
  0x000002382039e3e0 ConcurrentGCThread "G1 Refine#0" [stack: 0x0000009bed600000,0x0000009bed700000] [id=35468]
  0x0000023839ccc520 ConcurrentGCThread "G1 Service" [stack: 0x0000009bed700000,0x0000009bed800000] [id=7836]

Threads with active compile tasks:
C2 CompilerThread0      889  516 % !   4       sun.awt.image.PNGImageDecoder::produceImage @ 960 (1917 bytes)

VM state: not at safepoint (normal execution)

VM Mutex/Monitor currently owned by a thread: None

Heap address: 0x000000008c200000, size: 1854 MB, Compressed Oops mode: 32-bit

CDS archive(s) not mapped
Compressed class space mapped at: 0x0000000100000000-0x0000000140000000, reserved size: 1073741824
Narrow klass base: 0x0000000000000000, Narrow klass shift: 3, Narrow klass range: 0x140000000

GC Precious Log:
 CardTable entry size: 512
 Card Set container configuration: InlinePtr #cards 5 size 8 Array Of Cards #cards 12 size 40 Howl #buckets 4 coarsen threshold 1843 Howl Bitmap #cards 512 size 80 coarsen threshold 460 Card regions per heap region 1 cards per card region 2048
 CPUs: 8 total, 8 available
 Memory: 7413M
 Large Page Support: Disabled
 NUMA Support: Disabled
 Compressed Oops: Enabled (32-bit)
 Heap Region Size: 1M
 Heap Min Capacity: 8M
 Heap Initial Capacity: 116M
 Heap Max Capacity: 1854M
 Pre-touch: Disabled
 Parallel Workers: 8
 Concurrent Workers: 2
 Concurrent Refinement Workers: 8
 Periodic GC: Disabled

Heap:
 garbage-first heap   total 118784K, used 24576K [0x000000008c200000, 0x0000000100000000)
  region size 1024K, 9 young (9216K), 0 survivors (0K)
 Metaspace       used 11004K, committed 11200K, reserved 1114112K
  class space    used 992K, committed 1088K, reserved 1048576K

Heap Regions: E=young(eden), S=young(survivor), O=old, HS=humongous(starts), HC=humongous(continues), CS=collection set, F=free, OA=open archive, CA=closed archive, TAMS=top-at-mark-start (previous, next)
|   0|0x000000008c200000, 0x000000008c300000, 0x000000008c300000|100%|HS|  |TAMS 0x000000008c200000, 0x000000008c200000| Complete 
|   1|0x000000008c300000, 0x000000008c400000, 0x000000008c400000|100%|HC|  |TAMS 0x000000008c300000, 0x000000008c300000| Complete 
|   2|0x000000008c400000, 0x000000008c500000, 0x000000008c500000|100%|HC|  |TAMS 0x000000008c400000, 0x000000008c400000| Complete 
|   3|0x000000008c500000, 0x000000008c600000, 0x000000008c600000|100%|HC|  |TAMS 0x000000008c500000, 0x000000008c500000| Complete 
|   4|0x000000008c600000, 0x000000008c700000, 0x000000008c700000|100%|HC|  |TAMS 0x000000008c600000, 0x000000008c600000| Complete 
|   5|0x000000008c700000, 0x000000008c800000, 0x000000008c800000|100%|HC|  |TAMS 0x000000008c700000, 0x000000008c700000| Complete 
|   6|0x000000008c800000, 0x000000008c900000, 0x000000008c900000|100%|HC|  |TAMS 0x000000008c800000, 0x000000008c800000| Complete 
|   7|0x000000008c900000, 0x000000008ca00000, 0x000000008ca00000|100%|HC|  |TAMS 0x000000008c900000, 0x000000008c900000| Complete 
|   8|0x000000008ca00000, 0x000000008cb00000, 0x000000008cb00000|100%|HC|  |TAMS 0x000000008ca00000, 0x000000008ca00000| Complete 
|   9|0x000000008cb00000, 0x000000008cc00000, 0x000000008cc00000|100%|HC|  |TAMS 0x000000008cb00000, 0x000000008cb00000| Complete 
|  10|0x000000008cc00000, 0x000000008cd00000, 0x000000008cd00000|100%|HC|  |TAMS 0x000000008cc00000, 0x000000008cc00000| Complete 
|  11|0x000000008cd00000, 0x000000008ce00000, 0x000000008ce00000|100%|HC|  |TAMS 0x000000008cd00000, 0x000000008cd00000| Complete 
|  12|0x000000008ce00000, 0x000000008cf00000, 0x000000008cf00000|100%|HC|  |TAMS 0x000000008ce00000, 0x000000008ce00000| Complete 
|  13|0x000000008cf00000, 0x000000008d000000, 0x000000008d000000|100%|HC|  |TAMS 0x000000008cf00000, 0x000000008cf00000| Complete 
|  14|0x000000008d000000, 0x000000008d100000, 0x000000008d100000|100%|HC|  |TAMS 0x000000008d000000, 0x000000008d000000| Complete 
|  15|0x000000008d100000, 0x000000008d200000, 0x000000008d200000|100%|HC|  |TAMS 0x000000008d100000, 0x000000008d100000| Complete 
|  16|0x000000008d200000, 0x000000008d200000, 0x000000008d300000|  0%| F|  |TAMS 0x000000008d200000, 0x000000008d200000| Untracked 
|  17|0x000000008d300000, 0x000000008d300000, 0x000000008d400000|  0%| F|  |TAMS 0x000000008d300000, 0x000000008d300000| Untracked 
|  18|0x000000008d400000, 0x000000008d400000, 0x000000008d500000|  0%| F|  |TAMS 0x000000008d400000, 0x000000008d400000| Untracked 
|  19|0x000000008d500000, 0x000000008d500000, 0x000000008d600000|  0%| F|  |TAMS 0x000000008d500000, 0x000000008d500000| Untracked 
|  20|0x000000008d600000, 0x000000008d600000, 0x000000008d700000|  0%| F|  |TAMS 0x000000008d600000, 0x000000008d600000| Untracked 
|  21|0x000000008d700000, 0x000000008d700000, 0x000000008d800000|  0%| F|  |TAMS 0x000000008d700000, 0x000000008d700000| Untracked 
|  22|0x000000008d800000, 0x000000008d800000, 0x000000008d900000|  0%| F|  |TAMS 0x000000008d800000, 0x000000008d800000| Untracked 
|  23|0x000000008d900000, 0x000000008d900000, 0x000000008da00000|  0%| F|  |TAMS 0x000000008d900000, 0x000000008d900000| Untracked 
|  24|0x000000008da00000, 0x000000008da00000, 0x000000008db00000|  0%| F|  |TAMS 0x000000008da00000, 0x000000008da00000| Untracked 
|  25|0x000000008db00000, 0x000000008db00000, 0x000000008dc00000|  0%| F|  |TAMS 0x000000008db00000, 0x000000008db00000| Untracked 
|  26|0x000000008dc00000, 0x000000008dc00000, 0x000000008dd00000|  0%| F|  |TAMS 0x000000008dc00000, 0x000000008dc00000| Untracked 
|  27|0x000000008dd00000, 0x000000008dd00000, 0x000000008de00000|  0%| F|  |TAMS 0x000000008dd00000, 0x000000008dd00000| Untracked 
|  28|0x000000008de00000, 0x000000008de00000, 0x000000008df00000|  0%| F|  |TAMS 0x000000008de00000, 0x000000008de00000| Untracked 
|  29|0x000000008df00000, 0x000000008df00000, 0x000000008e000000|  0%| F|  |TAMS 0x000000008df00000, 0x000000008df00000| Untracked 
|  30|0x000000008e000000, 0x000000008e000000, 0x000000008e100000|  0%| F|  |TAMS 0x000000008e000000, 0x000000008e000000| Untracked 
|  31|0x000000008e100000, 0x000000008e100000, 0x000000008e200000|  0%| F|  |TAMS 0x000000008e100000, 0x000000008e100000| Untracked 
|  32|0x000000008e200000, 0x000000008e200000, 0x000000008e300000|  0%| F|  |TAMS 0x000000008e200000, 0x000000008e200000| Untracked 
|  33|0x000000008e300000, 0x000000008e300000, 0x000000008e400000|  0%| F|  |TAMS 0x000000008e300000, 0x000000008e300000| Untracked 
|  34|0x000000008e400000, 0x000000008e400000, 0x000000008e500000|  0%| F|  |TAMS 0x000000008e400000, 0x000000008e400000| Untracked 
|  35|0x000000008e500000, 0x000000008e500000, 0x000000008e600000|  0%| F|  |TAMS 0x000000008e500000, 0x000000008e500000| Untracked 
|  36|0x000000008e600000, 0x000000008e600000, 0x000000008e700000|  0%| F|  |TAMS 0x000000008e600000, 0x000000008e600000| Untracked 
|  37|0x000000008e700000, 0x000000008e700000, 0x000000008e800000|  0%| F|  |TAMS 0x000000008e700000, 0x000000008e700000| Untracked 
|  38|0x000000008e800000, 0x000000008e800000, 0x000000008e900000|  0%| F|  |TAMS 0x000000008e800000, 0x000000008e800000| Untracked 
|  39|0x000000008e900000, 0x000000008e900000, 0x000000008ea00000|  0%| F|  |TAMS 0x000000008e900000, 0x000000008e900000| Untracked 
|  40|0x000000008ea00000, 0x000000008ea00000, 0x000000008eb00000|  0%| F|  |TAMS 0x000000008ea00000, 0x000000008ea00000| Untracked 
|  41|0x000000008eb00000, 0x000000008eb00000, 0x000000008ec00000|  0%| F|  |TAMS 0x000000008eb00000, 0x000000008eb00000| Untracked 
|  42|0x000000008ec00000, 0x000000008ec00000, 0x000000008ed00000|  0%| F|  |TAMS 0x000000008ec00000, 0x000000008ec00000| Untracked 
|  43|0x000000008ed00000, 0x000000008ed00000, 0x000000008ee00000|  0%| F|  |TAMS 0x000000008ed00000, 0x000000008ed00000| Untracked 
|  44|0x000000008ee00000, 0x000000008ee00000, 0x000000008ef00000|  0%| F|  |TAMS 0x000000008ee00000, 0x000000008ee00000| Untracked 
|  45|0x000000008ef00000, 0x000000008ef00000, 0x000000008f000000|  0%| F|  |TAMS 0x000000008ef00000, 0x000000008ef00000| Untracked 
|  46|0x000000008f000000, 0x000000008f000000, 0x000000008f100000|  0%| F|  |TAMS 0x000000008f000000, 0x000000008f000000| Untracked 
|  47|0x000000008f100000, 0x000000008f100000, 0x000000008f200000|  0%| F|  |TAMS 0x000000008f100000, 0x000000008f100000| Untracked 
|  48|0x000000008f200000, 0x000000008f200000, 0x000000008f300000|  0%| F|  |TAMS 0x000000008f200000, 0x000000008f200000| Untracked 
|  49|0x000000008f300000, 0x000000008f300000, 0x000000008f400000|  0%| F|  |TAMS 0x000000008f300000, 0x000000008f300000| Untracked 
|  50|0x000000008f400000, 0x000000008f400000, 0x000000008f500000|  0%| F|  |TAMS 0x000000008f400000, 0x000000008f400000| Untracked 
|  51|0x000000008f500000, 0x000000008f500000, 0x000000008f600000|  0%| F|  |TAMS 0x000000008f500000, 0x000000008f500000| Untracked 
|  52|0x000000008f600000, 0x000000008f600000, 0x000000008f700000|  0%| F|  |TAMS 0x000000008f600000, 0x000000008f600000| Untracked 
|  53|0x000000008f700000, 0x000000008f700000, 0x000000008f800000|  0%| F|  |TAMS 0x000000008f700000, 0x000000008f700000| Untracked 
|  54|0x000000008f800000, 0x000000008f800000, 0x000000008f900000|  0%| F|  |TAMS 0x000000008f800000, 0x000000008f800000| Untracked 
|  55|0x000000008f900000, 0x000000008f900000, 0x000000008fa00000|  0%| F|  |TAMS 0x000000008f900000, 0x000000008f900000| Untracked 
|  56|0x000000008fa00000, 0x000000008fa00000, 0x000000008fb00000|  0%| F|  |TAMS 0x000000008fa00000, 0x000000008fa00000| Untracked 
|  57|0x000000008fb00000, 0x000000008fb00000, 0x000000008fc00000|  0%| F|  |TAMS 0x000000008fb00000, 0x000000008fb00000| Untracked 
|  58|0x000000008fc00000, 0x000000008fc00000, 0x000000008fd00000|  0%| F|  |TAMS 0x000000008fc00000, 0x000000008fc00000| Untracked 
|  59|0x000000008fd00000, 0x000000008fd00000, 0x000000008fe00000|  0%| F|  |TAMS 0x000000008fd00000, 0x000000008fd00000| Untracked 
|  60|0x000000008fe00000, 0x000000008fe00000, 0x000000008ff00000|  0%| F|  |TAMS 0x000000008fe00000, 0x000000008fe00000| Untracked 
|  61|0x000000008ff00000, 0x000000008ff00000, 0x0000000090000000|  0%| F|  |TAMS 0x000000008ff00000, 0x000000008ff00000| Untracked 
|  62|0x0000000090000000, 0x0000000090000000, 0x0000000090100000|  0%| F|  |TAMS 0x0000000090000000, 0x0000000090000000| Untracked 
|  63|0x0000000090100000, 0x0000000090100000, 0x0000000090200000|  0%| F|  |TAMS 0x0000000090100000, 0x0000000090100000| Untracked 
|  64|0x0000000090200000, 0x0000000090200000, 0x0000000090300000|  0%| F|  |TAMS 0x0000000090200000, 0x0000000090200000| Untracked 
|  65|0x0000000090300000, 0x0000000090300000, 0x0000000090400000|  0%| F|  |TAMS 0x0000000090300000, 0x0000000090300000| Untracked 
|  66|0x0000000090400000, 0x0000000090400000, 0x0000000090500000|  0%| F|  |TAMS 0x0000000090400000, 0x0000000090400000| Untracked 
|  67|0x0000000090500000, 0x0000000090500000, 0x0000000090600000|  0%| F|  |TAMS 0x0000000090500000, 0x0000000090500000| Untracked 
|  68|0x0000000090600000, 0x0000000090600000, 0x0000000090700000|  0%| F|  |TAMS 0x0000000090600000, 0x0000000090600000| Untracked 
|  69|0x0000000090700000, 0x0000000090700000, 0x0000000090800000|  0%| F|  |TAMS 0x0000000090700000, 0x0000000090700000| Untracked 
|  70|0x0000000090800000, 0x0000000090800000, 0x0000000090900000|  0%| F|  |TAMS 0x0000000090800000, 0x0000000090800000| Untracked 
|  71|0x0000000090900000, 0x0000000090900000, 0x0000000090a00000|  0%| F|  |TAMS 0x0000000090900000, 0x0000000090900000| Untracked 
|  72|0x0000000090a00000, 0x0000000090a00000, 0x0000000090b00000|  0%| F|  |TAMS 0x0000000090a00000, 0x0000000090a00000| Untracked 
|  73|0x0000000090b00000, 0x0000000090b00000, 0x0000000090c00000|  0%| F|  |TAMS 0x0000000090b00000, 0x0000000090b00000| Untracked 
|  74|0x0000000090c00000, 0x0000000090c00000, 0x0000000090d00000|  0%| F|  |TAMS 0x0000000090c00000, 0x0000000090c00000| Untracked 
|  75|0x0000000090d00000, 0x0000000090d00000, 0x0000000090e00000|  0%| F|  |TAMS 0x0000000090d00000, 0x0000000090d00000| Untracked 
|  76|0x0000000090e00000, 0x0000000090e00000, 0x0000000090f00000|  0%| F|  |TAMS 0x0000000090e00000, 0x0000000090e00000| Untracked 
|  77|0x0000000090f00000, 0x0000000090f00000, 0x0000000091000000|  0%| F|  |TAMS 0x0000000090f00000, 0x0000000090f00000| Untracked 
|  78|0x0000000091000000, 0x0000000091000000, 0x0000000091100000|  0%| F|  |TAMS 0x0000000091000000, 0x0000000091000000| Untracked 
|  79|0x0000000091100000, 0x0000000091100000, 0x0000000091200000|  0%| F|  |TAMS 0x0000000091100000, 0x0000000091100000| Untracked 
|  80|0x0000000091200000, 0x0000000091200000, 0x0000000091300000|  0%| F|  |TAMS 0x0000000091200000, 0x0000000091200000| Untracked 
|  81|0x0000000091300000, 0x0000000091300000, 0x0000000091400000|  0%| F|  |TAMS 0x0000000091300000, 0x0000000091300000| Untracked 
|  82|0x0000000091400000, 0x0000000091400000, 0x0000000091500000|  0%| F|  |TAMS 0x0000000091400000, 0x0000000091400000| Untracked 
|  83|0x0000000091500000, 0x0000000091500000, 0x0000000091600000|  0%| F|  |TAMS 0x0000000091500000, 0x0000000091500000| Untracked 
|  84|0x0000000091600000, 0x0000000091600000, 0x0000000091700000|  0%| F|  |TAMS 0x0000000091600000, 0x0000000091600000| Untracked 
|  85|0x0000000091700000, 0x0000000091700000, 0x0000000091800000|  0%| F|  |TAMS 0x0000000091700000, 0x0000000091700000| Untracked 
|  86|0x0000000091800000, 0x0000000091800000, 0x0000000091900000|  0%| F|  |TAMS 0x0000000091800000, 0x0000000091800000| Untracked 
|  87|0x0000000091900000, 0x0000000091900000, 0x0000000091a00000|  0%| F|  |TAMS 0x0000000091900000, 0x0000000091900000| Untracked 
|  88|0x0000000091a00000, 0x0000000091a00000, 0x0000000091b00000|  0%| F|  |TAMS 0x0000000091a00000, 0x0000000091a00000| Untracked 
|  89|0x0000000091b00000, 0x0000000091b00000, 0x0000000091c00000|  0%| F|  |TAMS 0x0000000091b00000, 0x0000000091b00000| Untracked 
|  90|0x0000000091c00000, 0x0000000091c00000, 0x0000000091d00000|  0%| F|  |TAMS 0x0000000091c00000, 0x0000000091c00000| Untracked 
|  91|0x0000000091d00000, 0x0000000091d00000, 0x0000000091e00000|  0%| F|  |TAMS 0x0000000091d00000, 0x0000000091d00000| Untracked 
|  92|0x0000000091e00000, 0x0000000091e00000, 0x0000000091f00000|  0%| F|  |TAMS 0x0000000091e00000, 0x0000000091e00000| Untracked 
|  93|0x0000000091f00000, 0x0000000091f00000, 0x0000000092000000|  0%| F|  |TAMS 0x0000000091f00000, 0x0000000091f00000| Untracked 
|  94|0x0000000092000000, 0x0000000092000000, 0x0000000092100000|  0%| F|  |TAMS 0x0000000092000000, 0x0000000092000000| Untracked 
|  95|0x0000000092100000, 0x0000000092100000, 0x0000000092200000|  0%| F|  |TAMS 0x0000000092100000, 0x0000000092100000| Untracked 
|  96|0x0000000092200000, 0x0000000092200000, 0x0000000092300000|  0%| F|  |TAMS 0x0000000092200000, 0x0000000092200000| Untracked 
|  97|0x0000000092300000, 0x0000000092300000, 0x0000000092400000|  0%| F|  |TAMS 0x0000000092300000, 0x0000000092300000| Untracked 
|  98|0x0000000092400000, 0x0000000092400000, 0x0000000092500000|  0%| F|  |TAMS 0x0000000092400000, 0x0000000092400000| Untracked 
|  99|0x0000000092500000, 0x0000000092500000, 0x0000000092600000|  0%| F|  |TAMS 0x0000000092500000, 0x0000000092500000| Untracked 
| 100|0x0000000092600000, 0x0000000092600000, 0x0000000092700000|  0%| F|  |TAMS 0x0000000092600000, 0x0000000092600000| Untracked 
| 101|0x0000000092700000, 0x0000000092700000, 0x0000000092800000|  0%| F|  |TAMS 0x0000000092700000, 0x0000000092700000| Untracked 
| 102|0x0000000092800000, 0x0000000092800000, 0x0000000092900000|  0%| F|  |TAMS 0x0000000092800000, 0x0000000092800000| Untracked 
| 103|0x0000000092900000, 0x0000000092900000, 0x0000000092a00000|  0%| F|  |TAMS 0x0000000092900000, 0x0000000092900000| Untracked 
| 104|0x0000000092a00000, 0x0000000092a00000, 0x0000000092b00000|  0%| F|  |TAMS 0x0000000092a00000, 0x0000000092a00000| Untracked 
| 105|0x0000000092b00000, 0x0000000092b00000, 0x0000000092c00000|  0%| F|  |TAMS 0x0000000092b00000, 0x0000000092b00000| Untracked 
| 106|0x0000000092c00000, 0x0000000092c00000, 0x0000000092d00000|  0%| F|  |TAMS 0x0000000092c00000, 0x0000000092c00000| Untracked 
| 107|0x0000000092d00000, 0x0000000092df0338, 0x0000000092e00000| 93%| E|  |TAMS 0x0000000092d00000, 0x0000000092d00000| Complete 
| 108|0x0000000092e00000, 0x0000000092f00000, 0x0000000092f00000|100%| E|CS|TAMS 0x0000000092e00000, 0x0000000092e00000| Complete 
| 109|0x0000000092f00000, 0x0000000093000000, 0x0000000093000000|100%| E|CS|TAMS 0x0000000092f00000, 0x0000000092f00000| Complete 
| 110|0x0000000093000000, 0x0000000093100000, 0x0000000093100000|100%| E|CS|TAMS 0x0000000093000000, 0x0000000093000000| Complete 
| 111|0x0000000093100000, 0x0000000093200000, 0x0000000093200000|100%| E|CS|TAMS 0x0000000093100000, 0x0000000093100000| Complete 
| 112|0x0000000093200000, 0x0000000093300000, 0x0000000093300000|100%| E|CS|TAMS 0x0000000093200000, 0x0000000093200000| Complete 
| 113|0x0000000093300000, 0x0000000093400000, 0x0000000093400000|100%| E|CS|TAMS 0x0000000093300000, 0x0000000093300000| Complete 
| 114|0x0000000093400000, 0x0000000093500000, 0x0000000093500000|100%| E|CS|TAMS 0x0000000093400000, 0x0000000093400000| Complete 
| 115|0x0000000093500000, 0x0000000093600000, 0x0000000093600000|100%| E|CS|TAMS 0x0000000093500000, 0x0000000093500000| Complete 

Card table byte_map: [0x00000238332d0000,0x0000023833670000] _byte_map_base: 0x0000023832e6f000

Marking Bits (Prev, Next): (CMBitMap*) 0x0000023820335660, (CMBitMap*) 0x00000238203356a0
 Prev Bits: [0x0000023833a10000, 0x0000023835708000)
 Next Bits: [0x0000023835710000, 0x0000023837408000)

Polling page: 0x000002381faa0000

Metaspace:

Usage:
  Non-class:      9.78 MB used.
      Class:    992.39 KB used.
       Both:     10.75 MB used.

Virtual space:
  Non-class space:       64.00 MB reserved,       9.88 MB ( 15%) committed,  1 nodes.
      Class space:        1.00 GB reserved,       1.06 MB ( <1%) committed,  1 nodes.
             Both:        1.06 GB reserved,      10.94 MB (  1%) committed. 

Chunk freelists:
   Non-Class:  2.07 MB
       Class:  2.75 MB
        Both:  4.82 MB

MaxMetaspaceSize: unlimited
CompressedClassSpaceSize: 1.00 GB
Initial GC threshold: 21.00 MB
Current GC threshold: 21.00 MB
CDS: off
MetaspaceReclaimPolicy: balanced
 - commit_granule_bytes: 65536.
 - commit_granule_words: 8192.
 - virtual_space_node_default_size: 8388608.
 - enlarge_chunks_in_place: 1.
 - new_chunks_are_fully_committed: 0.
 - uncommit_free_chunks: 1.
 - use_allocation_guard: 0.


Internal statistics:

num_allocs_failed_limit: 0.
num_arena_births: 124.
num_arena_deaths: 0.
num_vsnodes_births: 2.
num_vsnodes_deaths: 0.
num_space_committed: 175.
num_space_uncommitted: 0.
num_chunks_returned_to_freelist: 0.
num_chunks_taken_from_freelist: 155.
num_chunk_merges: 0.
num_chunk_splits: 97.
num_chunks_enlarged: 62.
num_inconsistent_stats: 0.

CodeHeap 'non-profiled nmethods': size=120000Kb used=154Kb max_used=154Kb free=119846Kb
 bounds [0x000002382b6c0000, 0x000002382b930000, 0x0000023832bf0000]
CodeHeap 'profiled nmethods': size=120000Kb used=920Kb max_used=920Kb free=119079Kb
 bounds [0x0000023823bf0000, 0x0000023823e60000, 0x000002382b120000]
CodeHeap 'non-nmethods': size=5760Kb used=1289Kb max_used=1304Kb free=4470Kb
 bounds [0x000002382b120000, 0x000002382b390000, 0x000002382b6c0000]
 total_blobs=1077 nmethods=562 adapters=426
 compilation: enabled
              stopped_count=0, restarted_count=0
 full_count=0

Compilation events (20 events):
Event: 0.832 Thread 0x000002383e06f380  516 % !   4       sun.awt.image.PNGImageDecoder::produceImage @ 960 (1917 bytes)
Event: 0.834 Thread 0x000002383e06fcf0  524 %     3       sun.awt.image.PNGImageDecoder::filterRow @ 249 (460 bytes)
Event: 0.835 Thread 0x000002383e06fcf0 nmethod 524% 0x0000023823cbe910 code [0x0000023823cbeba0, 0x0000023823cbfc28]
Event: 0.835 Thread 0x000002383e06fcf0  522       3       jdk.internal.misc.InternalLock::lock (8 bytes)
Event: 0.836 Thread 0x000002383e06fcf0 nmethod 522 0x0000023823cc0410 code [0x0000023823cc05e0, 0x0000023823cc0978]
Event: 0.836 Thread 0x000002383e06fcf0  523       3       jdk.internal.misc.InternalLock::unlock (8 bytes)
Event: 0.836 Thread 0x000002383e06fcf0 nmethod 523 0x0000023823cc0b10 code [0x0000023823cc0ce0, 0x0000023823cc1098]
Event: 0.836 Thread 0x000002383e06fcf0  525       3       sun.awt.image.PNGImageDecoder::filterRow (460 bytes)
Event: 0.837 Thread 0x000002383e06fcf0 nmethod 525 0x0000023823cc1210 code [0x0000023823cc14a0, 0x0000023823cc22e8]
Event: 0.837 Thread 0x000002383e06fcf0  526       3       java.io.BufferedInputStream::read1 (108 bytes)
Event: 0.837 Thread 0x000002383e06fcf0 nmethod 526 0x0000023823cc2a90 code [0x0000023823cc2ce0, 0x0000023823cc35d8]
Event: 0.838 Thread 0x000002383e06fcf0  528       1       sun.awt.image.ImageWatched$Link::newInfo (2 bytes)
Event: 0.838 Thread 0x000002383e06fcf0 nmethod 528 0x000002382b6e5690 code [0x000002382b6e5820, 0x000002382b6e58f8]
Event: 0.840 Thread 0x000002383e06fcf0  529       3       java.security.AccessController::executePrivileged (65 bytes)
Event: 0.840 Thread 0x000002383e06fcf0 nmethod 529 0x0000023823cc3890 code [0x0000023823cc3a60, 0x0000023823cc3d58]
Event: 0.841 Thread 0x000002383e06fcf0  530   !   3       sun.awt.image.ImageDecoder::nextConsumer (69 bytes)
Event: 0.842 Thread 0x000002383e06fcf0 nmethod 530 0x0000023823cc3e90 code [0x0000023823cc4060, 0x0000023823cc4498]
Event: 0.847 Thread 0x000002383e06fcf0  531       3       java.util.concurrent.locks.ReentrantLock$NonfairSync::initialTryLock (58 bytes)
Event: 0.847 Thread 0x000002383e06fcf0 nmethod 531 0x0000023823cc4610 code [0x0000023823cc4800, 0x0000023823cc4c18]
Event: 0.847 Thread 0x000002383e06fcf0  532       3       java.util.concurrent.locks.AbstractQueuedSynchronizer::compareAndSetState (13 bytes)

GC Heap History (0 events):
No events

Dll operation events (5 events):
Event: 0.015 Loaded shared library C:\Users\aomem\.p2\pool\plugins\org.eclipse.justj.openjdk.hotspot.jre.full.win32.x86_64_19.0.2.v20230129-1123\jre\bin\java.dll
Event: 0.025 Loaded shared library C:\Users\aomem\.p2\pool\plugins\org.eclipse.justj.openjdk.hotspot.jre.full.win32.x86_64_19.0.2.v20230129-1123\jre\bin\zip.dll
Event: 0.196 Loaded shared library C:\Users\aomem\.p2\pool\plugins\org.eclipse.justj.openjdk.hotspot.jre.full.win32.x86_64_19.0.2.v20230129-1123\jre\bin\jimage.dll
Event: 0.233 Loaded shared library C:\Users\aomem\.p2\pool\plugins\org.eclipse.justj.openjdk.hotspot.jre.full.win32.x86_64_19.0.2.v20230129-1123\jre\bin\awt.dll
Event: 0.776 Loaded shared library C:\Users\aomem\.p2\pool\plugins\org.eclipse.justj.openjdk.hotspot.jre.full.win32.x86_64_19.0.2.v20230129-1123\jre\bin\zip.dll

Deoptimization events (20 events):
Event: 0.839 Thread 0x0000023846193db0 DEOPT PACKING pc=0x0000023823cc21ed sp=0x0000009bef0fef10
Event: 0.839 Thread 0x0000023846193db0 DEOPT UNPACKING pc=0x000002382b187543 sp=0x0000009bef0fe380 mode 0
Event: 0.840 Thread 0x0000023846193db0 DEOPT PACKING pc=0x0000023823cc21ed sp=0x0000009bef0fef10
Event: 0.840 Thread 0x0000023846193db0 DEOPT UNPACKING pc=0x000002382b187543 sp=0x0000009bef0fe380 mode 0
Event: 0.840 Thread 0x0000023846193db0 DEOPT PACKING pc=0x0000023823cc21ed sp=0x0000009bef0fef10
Event: 0.840 Thread 0x0000023846193db0 DEOPT UNPACKING pc=0x000002382b187543 sp=0x0000009bef0fe380 mode 0
Event: 0.841 Thread 0x0000023846193db0 DEOPT PACKING pc=0x0000023823cc21ed sp=0x0000009bef0fef10
Event: 0.841 Thread 0x0000023846193db0 DEOPT UNPACKING pc=0x000002382b187543 sp=0x0000009bef0fe380 mode 0
Event: 0.841 Thread 0x0000023846193db0 DEOPT PACKING pc=0x0000023823cc21ed sp=0x0000009bef0fef10
Event: 0.841 Thread 0x0000023846193db0 DEOPT UNPACKING pc=0x000002382b187543 sp=0x0000009bef0fe380 mode 0
Event: 0.843 Thread 0x0000023846193db0 DEOPT PACKING pc=0x0000023823cc21ed sp=0x0000009bef0fef10
Event: 0.843 Thread 0x0000023846193db0 DEOPT UNPACKING pc=0x000002382b187543 sp=0x0000009bef0fe380 mode 0
Event: 0.845 Thread 0x0000023846193db0 DEOPT PACKING pc=0x0000023823cc21ed sp=0x0000009bef0fef10
Event: 0.845 Thread 0x0000023846193db0 DEOPT UNPACKING pc=0x000002382b187543 sp=0x0000009bef0fe380 mode 0
Event: 0.845 Thread 0x0000023846193db0 DEOPT PACKING pc=0x0000023823cc21ed sp=0x0000009bef0fef10
Event: 0.845 Thread 0x0000023846193db0 DEOPT UNPACKING pc=0x000002382b187543 sp=0x0000009bef0fe380 mode 0
Event: 0.846 Thread 0x0000023846193db0 DEOPT PACKING pc=0x0000023823cc21ed sp=0x0000009bef0fef10
Event: 0.846 Thread 0x0000023846193db0 DEOPT UNPACKING pc=0x000002382b187543 sp=0x0000009bef0fe380 mode 0
Event: 0.846 Thread 0x0000023846193db0 DEOPT PACKING pc=0x0000023823cc21ed sp=0x0000009bef0fef10
Event: 0.846 Thread 0x0000023846193db0 DEOPT UNPACKING pc=0x000002382b187543 sp=0x0000009bef0fe380 mode 0

Classes loaded (20 events):
Event: 0.788 Loading class sun/awt/image/SunWritableRaster
Event: 0.788 Loading class java/awt/image/WritableRaster
Event: 0.788 Loading class java/awt/image/WritableRaster done
Event: 0.788 Loading class sun/awt/image/SunWritableRaster done
Event: 0.794 Loading class java/awt/image/SinglePixelPackedSampleModel
Event: 0.794 Loading class java/awt/image/SampleModel
Event: 0.794 Loading class java/awt/image/SampleModel done
Event: 0.794 Loading class java/awt/image/SinglePixelPackedSampleModel done
Event: 0.794 Loading class sun/awt/image/IntegerInterleavedRaster
Event: 0.795 Loading class sun/awt/image/IntegerComponentRaster
Event: 0.795 Loading class sun/awt/image/IntegerComponentRaster done
Event: 0.795 Loading class sun/awt/image/IntegerInterleavedRaster done
Event: 0.796 Loading class java/awt/image/BufferedImage
Event: 0.796 Loading class java/awt/image/WritableRenderedImage
Event: 0.796 Loading class java/awt/image/RenderedImage
Event: 0.796 Loading class java/awt/image/RenderedImage done
Event: 0.796 Loading class java/awt/image/WritableRenderedImage done
Event: 0.796 Loading class java/awt/image/BufferedImage done
Event: 0.797 Loading class java/awt/image/BufferedImage$1
Event: 0.797 Loading class java/awt/image/BufferedImage$1 done

Classes unloaded (0 events):
No events

Classes redefined (0 events):
No events

Internal exceptions (11 events):
Event: 0.214 Thread 0x00000238202d88a0 Exception <a 'java/lang/ClassNotFoundException'{0x000000009344d358}: sun/awt/resources/spi/awtProvider> (0x000000009344d358) 
thrown [s\src\hotspot\share\classfile\systemDictionary.cpp, line 255]
Event: 0.259 Thread 0x00000238202d88a0 Exception <a 'java/io/FileNotFoundException'{0x000000009331ee40}> (0x000000009331ee40) 
thrown [s\src\hotspot\share\prims\jni.cpp, line 517]
Event: 0.270 Thread 0x00000238202d88a0 Exception <a 'java/io/FileNotFoundException'{0x000000009334b3f8}> (0x000000009334b3f8) 
thrown [s\src\hotspot\share\prims\jni.cpp, line 517]
Event: 0.349 Thread 0x00000238202d88a0 Exception <a 'java/lang/NoSuchMethodError'{0x000000009339e0a8}: 'java.lang.Object java.lang.invoke.DirectMethodHandle$Holder.invokeStaticInit(java.lang.Object)'> (0x000000009339e0a8) 
thrown [s\src\hotspot\share\interpreter\linkResolver.cpp, line 774]
Event: 0.638 Thread 0x00000238202d88a0 Exception <a 'java/lang/NoSuchMethodError'{0x000000009327f868}: 'void java.lang.invoke.DirectMethodHandle$Holder.invokeSpecial(java.lang.Object, java.lang.Object, java.lang.Object)'> (0x000000009327f868) 
thrown [s\src\hotspot\share\interpreter\linkResolver.cpp, line 774]
Event: 0.654 Thread 0x00000238202d88a0 Exception <a 'java/lang/NoSuchMethodError'{0x00000000932aa438}: 'java.lang.Object java.lang.invoke.DirectMethodHandle$Holder.newInvokeSpecial(java.lang.Object, java.lang.Object, java.lang.Object, java.lang.Object, java.lang.Object)'> (0x00000000932aa438) 
thrown [s\src\hotspot\share\interpreter\linkResolver.cpp, line 774]
Event: 0.665 Thread 0x00000238202d88a0 Exception <a 'java/lang/NoSuchMethodError'{0x00000000932dbb20}: 'java.lang.Object java.lang.invoke.DirectMethodHandle$Holder.invokeStatic(java.lang.Object, int, java.lang.Object)'> (0x00000000932dbb20) 
thrown [s\src\hotspot\share\interpreter\linkResolver.cpp, line 774]
Event: 0.735 Thread 0x00000238202d88a0 Exception <a 'java/lang/ClassNotFoundException'{0x00000000931ab640}: com/sun/swing/internal/plaf/metal/resources/spi/metalProvider> (0x00000000931ab640) 
thrown [s\src\hotspot\share\classfile\systemDictionary.cpp, line 255]
Event: 0.738 Thread 0x00000238202d88a0 Exception <a 'java/lang/ClassNotFoundException'{0x00000000931b02f8}: com/sun/swing/internal/plaf/basic/resources/spi/basicProvider> (0x00000000931b02f8) 
thrown [s\src\hotspot\share\classfile\systemDictionary.cpp, line 255]
Event: 0.762 Thread 0x00000238202d88a0 Exception <a 'java/lang/NoSuchMethodError'{0x00000000931d3848}: 'int java.lang.invoke.Invokers$Holder.invokeExact_MT(java.lang.Object, java.lang.Object)'> (0x00000000931d3848) 
thrown [s\src\hotspot\share\interpreter\linkResolver.cpp, line 774]
Event: 0.781 Thread 0x0000023846193db0 Exception <a 'java/lang/NoSuchMethodError'{0x0000000093001b98}: 'java.lang.Object java.lang.invoke.DirectMethodHandle$Holder.newInvokeSpecial(java.lang.Object, java.lang.Object, java.lang.Object, int, int, int, int, int)'> (0x0000000093001b98) 
thrown [s\src\hotspot\share\interpreter\linkResolver.cpp, line 774]

VM Operations (2 events):
Event: 0.735 Executing VM operation: HandshakeAllThreads
Event: 0.735 Executing VM operation: HandshakeAllThreads done

Events (16 events):
Event: 0.057 Thread 0x00000238202d88a0 Thread added: 0x00000238202d88a0
Event: 0.092 Thread 0x000002383e044430 Thread added: 0x000002383e044430
Event: 0.093 Thread 0x000002383e045000 Thread added: 0x000002383e045000
Event: 0.094 Thread 0x000002383e05c5a0 Thread added: 0x000002383e05c5a0
Event: 0.094 Thread 0x000002383e05eee0 Thread added: 0x000002383e05eee0
Event: 0.094 Thread 0x000002383e05f9b0 Thread added: 0x000002383e05f9b0
Event: 0.094 Thread 0x000002383e06aee0 Thread added: 0x000002383e06aee0
Event: 0.095 Thread 0x000002383e06f380 Thread added: 0x000002383e06f380
Event: 0.095 Thread 0x000002383e06fcf0 Thread added: 0x000002383e06fcf0
Event: 0.095 Thread 0x000002383e075020 Thread added: 0x000002383e075020
Event: 0.136 Thread 0x000002383e1df3e0 Thread added: 0x000002383e1df3e0
Event: 0.144 Thread 0x000002383e1f2870 Thread added: 0x000002383e1f2870
Event: 0.351 Thread 0x000002383e4bff10 Thread added: 0x000002383e4bff10
Event: 0.353 Thread 0x000002383e4d27c0 Thread added: 0x000002383e4d27c0
Event: 0.357 Thread 0x000002383e4d9420 Thread added: 0x000002383e4d9420
Event: 0.771 Thread 0x0000023846193db0 Thread added: 0x0000023846193db0


Dynamic libraries:
0x00007ff66df60000 - 0x00007ff66df6e000 	C:\Users\aomem\.p2\pool\plugins\org.eclipse.justj.openjdk.hotspot.jre.full.win32.x86_64_19.0.2.v20230129-1123\jre\bin\javaw.exe
0x00007ff9d4830000 - 0x00007ff9d4a44000 	C:\Windows\SYSTEM32\ntdll.dll
0x00007ff9d3390000 - 0x00007ff9d3454000 	C:\Windows\System32\KERNEL32.DLL
0x00007ff9d20d0000 - 0x00007ff9d2474000 	C:\Windows\System32\KERNELBASE.dll
0x00007ff9d1ef0000 - 0x00007ff9d2001000 	C:\Windows\System32\ucrtbase.dll
0x00007ff9a10f0000 - 0x00007ff9a1107000 	C:\Users\aomem\.p2\pool\plugins\org.eclipse.justj.openjdk.hotspot.jre.full.win32.x86_64_19.0.2.v20230129-1123\jre\bin\jli.dll
0x00007ff9a10d0000 - 0x00007ff9a10e9000 	C:\Users\aomem\.p2\pool\plugins\org.eclipse.justj.openjdk.hotspot.jre.full.win32.x86_64_19.0.2.v20230129-1123\jre\bin\VCRUNTIME140.dll
0x00007ff9d4540000 - 0x00007ff9d46ea000 	C:\Windows\System32\USER32.dll
0x00007ff9d1c10000 - 0x00007ff9d1c36000 	C:\Windows\System32\win32u.dll
0x00007ff9bc9d0000 - 0x00007ff9bcc5f000 	C:\Windows\WinSxS\amd64_microsoft.windows.common-controls_6595b64144ccf1df_6.0.22621.2070_none_2713e6537381f706\COMCTL32.dll
0x00007ff9d4480000 - 0x00007ff9d44a9000 	C:\Windows\System32\GDI32.dll
0x00007ff9d2ec0000 - 0x00007ff9d2f67000 	C:\Windows\System32\msvcrt.dll
0x00007ff9d1dd0000 - 0x00007ff9d1ee9000 	C:\Windows\System32\gdi32full.dll
0x00007ff9d1cc0000 - 0x00007ff9d1d5a000 	C:\Windows\System32\msvcp_win.dll
0x00007ff9d2f70000 - 0x00007ff9d2fa1000 	C:\Windows\System32\IMM32.DLL
0x00007ff9b6e10000 - 0x00007ff9b6e1c000 	C:\Users\aomem\.p2\pool\plugins\org.eclipse.justj.openjdk.hotspot.jre.full.win32.x86_64_19.0.2.v20230129-1123\jre\bin\vcruntime140_1.dll
0x00007ff98a840000 - 0x00007ff98a8d1000 	C:\Users\aomem\.p2\pool\plugins\org.eclipse.justj.openjdk.hotspot.jre.full.win32.x86_64_19.0.2.v20230129-1123\jre\bin\msvcp140.dll
0x00007ff9382e0000 - 0x00007ff938fd1000 	C:\Users\aomem\.p2\pool\plugins\org.eclipse.justj.openjdk.hotspot.jre.full.win32.x86_64_19.0.2.v20230129-1123\jre\bin\server\jvm.dll
0x00007ff9d36b0000 - 0x00007ff9d3760000 	C:\Windows\System32\ADVAPI32.dll
0x00007ff9d25f0000 - 0x00007ff9d2696000 	C:\Windows\System32\sechost.dll
0x00007ff9d2fb0000 - 0x00007ff9d30c7000 	C:\Windows\System32\RPCRT4.dll
0x00007ff9c96a0000 - 0x00007ff9c96d4000 	C:\Windows\SYSTEM32\WINMM.dll
0x00007ff9c8470000 - 0x00007ff9c847a000 	C:\Windows\SYSTEM32\VERSION.dll
0x00007ff9bc580000 - 0x00007ff9bc589000 	C:\Windows\SYSTEM32\WSOCK32.dll
0x00007ff9d3890000 - 0x00007ff9d3901000 	C:\Windows\System32\WS2_32.dll
0x00007ff9d0c50000 - 0x00007ff9d0c68000 	C:\Windows\SYSTEM32\kernel.appcore.dll
0x00007ff9b6f30000 - 0x00007ff9b6f3a000 	C:\Users\aomem\.p2\pool\plugins\org.eclipse.justj.openjdk.hotspot.jre.full.win32.x86_64_19.0.2.v20230129-1123\jre\bin\jimage.dll
0x00007ff9c5280000 - 0x00007ff9c54ae000 	C:\Windows\SYSTEM32\DBGHELP.DLL
0x00007ff9d26b0000 - 0x00007ff9d2a3a000 	C:\Windows\System32\combase.dll
0x00007ff9d32a0000 - 0x00007ff9d3377000 	C:\Windows\System32\OLEAUT32.dll
0x00007ff9beb20000 - 0x00007ff9beb52000 	C:\Windows\SYSTEM32\dbgcore.DLL
0x00007ff9d1c40000 - 0x00007ff9d1cba000 	C:\Windows\System32\bcryptPrimitives.dll
0x00007ff999d40000 - 0x00007ff999d66000 	C:\Users\aomem\.p2\pool\plugins\org.eclipse.justj.openjdk.hotspot.jre.full.win32.x86_64_19.0.2.v20230129-1123\jre\bin\java.dll
0x00007ff9ac070000 - 0x00007ff9ac088000 	C:\Users\aomem\.p2\pool\plugins\org.eclipse.justj.openjdk.hotspot.jre.full.win32.x86_64_19.0.2.v20230129-1123\jre\bin\zip.dll
0x00007ff9d3c60000 - 0x00007ff9d4476000 	C:\Windows\System32\SHELL32.dll
0x00007ff9cfba0000 - 0x00007ff9d048a000 	C:\Windows\SYSTEM32\windows.storage.dll
0x00007ff9cfa60000 - 0x00007ff9cfb9e000 	C:\Windows\SYSTEM32\wintypes.dll
0x00007ff9d31a0000 - 0x00007ff9d3293000 	C:\Windows\System32\SHCORE.dll
0x00007ff9d46f0000 - 0x00007ff9d474e000 	C:\Windows\System32\shlwapi.dll
0x00007ff9d1b40000 - 0x00007ff9d1b66000 	C:\Windows\SYSTEM32\profapi.dll
0x00007ff94a130000 - 0x00007ff94a2be000 	C:\Users\aomem\.p2\pool\plugins\org.eclipse.justj.openjdk.hotspot.jre.full.win32.x86_64_19.0.2.v20230129-1123\jre\bin\awt.dll
0x00007ff9cefa0000 - 0x00007ff9cf037000 	C:\Windows\SYSTEM32\apphelp.dll
0x00007ff9cf3c0000 - 0x00007ff9cf3eb000 	C:\Windows\system32\DWMAPI.DLL
0x00007ff9cf150000 - 0x00007ff9cf1fb000 	C:\Windows\system32\uxtheme.dll
0x00007ff9787a0000 - 0x00007ff9788a0000 	C:\Windows\system32\opengl32.dll
0x00007ff979840000 - 0x00007ff97986d000 	C:\Windows\SYSTEM32\GLU32.dll
0x00007ff9cf260000 - 0x00007ff9cf298000 	C:\Windows\SYSTEM32\dxcore.dll
0x00007ff9d3760000 - 0x00007ff9d3887000 	C:\Windows\System32\MSCTF.dll
0x00007ff9d3ac0000 - 0x00007ff9d3c5c000 	C:\Windows\System32\ole32.dll
0x00007ff969850000 - 0x00007ff9699f9000 	C:\Windows\system32\d3d9.dll
0x00007ff9c8480000 - 0x00007ff9c863b000 	C:\Windows\System32\DriverStore\FileRepository\u0382894.inf_amd64_6c61bb82c451eb8b\B382876\aticfx64.dll
0x00007ff96c1e0000 - 0x00007ff96dfaf000 	C:\Windows\System32\DriverStore\FileRepository\u0382894.inf_amd64_6c61bb82c451eb8b\B382876\amdxn64.dll
0x00007ff9d2a40000 - 0x00007ff9d2eb4000 	C:\Windows\System32\SETUPAPI.dll
0x00007ff9cf2b0000 - 0x00007ff9cf3a8000 	C:\Windows\SYSTEM32\dxgi.dll
0x00007ff9c5ca0000 - 0x00007ff9c5cd5000 	C:\Windows\SYSTEM32\amdihk64.dll
0x00007ff9cbf80000 - 0x00007ff9cbfca000 	C:\Windows\SYSTEM32\directxdatabasehelper.dll

dbghelp: loaded successfully - version: 4.0.5 - missing functions: none
symbol engine: initialized successfully - sym options: 0x614 - pdb path: .;C:\Users\aomem\.p2\pool\plugins\org.eclipse.justj.openjdk.hotspot.jre.full.win32.x86_64_19.0.2.v20230129-1123\jre\bin;C:\Windows\SYSTEM32;C:\Windows\WinSxS\amd64_microsoft.windows.common-controls_6595b64144ccf1df_6.0.22621.2070_none_2713e6537381f706;C:\Users\aomem\.p2\pool\plugins\org.eclipse.justj.openjdk.hotspot.jre.full.win32.x86_64_19.0.2.v20230129-1123\jre\bin\server;C:\Windows\System32\DriverStore\FileRepository\u0382894.inf_amd64_6c61bb82c451eb8b\B382876

VM Arguments:
jvm_args: -Dfile.encoding=UTF-8 -XX:+ShowCodeDetailsInExceptionMessages 
java_command: co.edu.unbosque.controller.AplMain
java_class_path (initial): C:\Users\aomem\git\GomezGutierrezPaula_DulceySanabriaJuan_TallerPayasos\target\classes
Launcher Type: SUN_STANDARD

[Global flags]
     intx CICompilerCount                          = 4                                         {product} {ergonomic}
     uint ConcGCThreads                            = 2                                         {product} {ergonomic}
     uint G1ConcRefinementThreads                  = 8                                         {product} {ergonomic}
   size_t G1HeapRegionSize                         = 1048576                                   {product} {ergonomic}
    uintx GCDrainStackTargetSize                   = 64                                        {product} {ergonomic}
   size_t InitialHeapSize                          = 121634816                                 {product} {ergonomic}
   size_t MarkStackSize                            = 4194304                                   {product} {ergonomic}
   size_t MaxHeapSize                              = 1944059904                                {product} {ergonomic}
   size_t MaxNewSize                               = 1166016512                                {product} {ergonomic}
   size_t MinHeapDeltaBytes                        = 1048576                                   {product} {ergonomic}
   size_t MinHeapSize                              = 8388608                                   {product} {ergonomic}
    uintx NonNMethodCodeHeapSize                   = 5839372                                {pd product} {ergonomic}
    uintx NonProfiledCodeHeapSize                  = 122909434                              {pd product} {ergonomic}
    uintx ProfiledCodeHeapSize                     = 122909434                              {pd product} {ergonomic}
    uintx ReservedCodeCacheSize                    = 251658240                              {pd product} {ergonomic}
     bool SegmentedCodeCache                       = true                                      {product} {ergonomic}
     bool ShowCodeDetailsInExceptionMessages       = true                                   {manageable} {command line}
   size_t SoftMaxHeapSize                          = 1944059904                             {manageable} {ergonomic}
     bool UseCompressedClassPointers               = true                           {product lp64_product} {ergonomic}
     bool UseCompressedOops                        = true                           {product lp64_product} {ergonomic}
     bool UseG1GC                                  = true                                      {product} {ergonomic}
     bool UseLargePagesIndividualAllocation        = false                                  {pd product} {ergonomic}

Logging:
Log output configuration:
 #0: stdout all=warning uptime,level,tags foldmultilines=false
 #1: stderr all=off uptime,level,tags foldmultilines=false

Environment Variables:
PATH=C:/Users/aomem/.p2/pool/plugins/org.eclipse.justj.openjdk.hotspot.jre.full.win32.x86_64_19.0.2.v20230129-1123/jre/bin/server;C:/Users/aomem/.p2/pool/plugins/org.eclipse.justj.openjdk.hotspot.jre.full.win32.x86_64_19.0.2.v20230129-1123/jre/bin;C:\Windows\system32;C:\Windows;C:\Windows\System32\Wbem;C:\Windows\System32\WindowsPowerShell\v1.0\;C:\Windows\System32\OpenSSH\;C:\Program Files\MySQL\MySQL Shell 8.0\bin\;C:\Users\aomem\AppData\Local\Microsoft\WindowsApps;;C:\Users\aomem\Desktop;
USERNAME=aomem
OS=Windows_NT
PROCESSOR_IDENTIFIER=AMD64 Family 23 Model 160 Stepping 0, AuthenticAMD
TMP=C:\Users\aomem\AppData\Local\Temp
TEMP=C:\Users\aomem\AppData\Local\Temp



---------------  S Y S T E M  ---------------

OS:
 Windows 11 , 64 bit Build 22621 (10.0.22621.2070)
OS uptime: 13 days 13:43 hours
Hyper-V role detected

CPU: total 8 (initial active 8) (8 cores per cpu, 2 threads per core) family 23 model 160 stepping 0 microcode 0x0, cx8, cmov, fxsr, ht, mmx, 3dnowpref, sse, sse2, sse3, ssse3, sse4a, sse4.1, sse4.2, popcnt, lzcnt, tsc, tscinvbit, avx, avx2, aes, clmul, bmi1, bmi2, adx, sha, fma, vzeroupper, clflush, clflushopt, hv, rdtscp, rdpid

Memory: 4k page, system-wide physical 7413M (342M free)
TotalPageFile size 29941M (AvailPageFile size 2M)
current process WorkingSet (physical memory assigned to process): 118M, peak: 118M
current process commit charge ("private bytes"): 247M, peak: 248M

vm_info: OpenJDK 64-Bit Server VM (19.0.2+7) for windows-amd64 JRE (19.0.2+7), built on 2023-01-17T00:00:00Z by "temurin" with MS VC++ 16.7 (VS2019)

END.
